<?xml version="1.0" encoding="UTF-8"?>
<!-- Generated by org.testng.reporters.JUnitXMLReporter -->
<testsuite hostname="DESKTOP-75UR535" ignored="0" name="Default test" tests="4" failures="0" timestamp="2020-08-14T22:51:35 IST" time="139.004" errors="0">
  <testcase name="inavalidLogin" time="16.023" classname="RegressionScripts.Regression"/>
  <testcase name="sendBugReport" time="23.121" classname="RegressionScripts.Regression"/>
  <testcase name="validLoginLogout" time="13.366" classname="RegressionScripts.Regression"/>
  <testcase name="verifyActitimeVersion" time="15.391" classname="RegressionScripts.Regression"/>
</testsuite> <!-- Default test -->
